<?xml version="1.0" encoding="UTF-8"?>
<!-- Generated by org.testng.reporters.JUnitXMLReporter -->
<testsuite ignored="1" hostname="DESKTOP-6LB77J4" failures="0" tests="1" name="ChromeTest" time="12.352" errors="0" timestamp="2023-01-16T17:14:33 PST">
  <testcase classname="testCases.TC_002_LoginTest" name="test_Login" time="3.047"/>
  <testcase classname="testCases.TC_001_AccountRegistrationTest" name="test_account_Registration" time="0.0">
    <ignored/>
  </testcase> <!-- test_account_Registration -->
</testsuite> <!-- ChromeTest -->
